# JRE version: OpenJDK Runtime Environment Temurin-17.0.7+7 (17.0.7+7) (build 17.0.7+7)
# Java VM: OpenJDK 64-Bit Server VM Temurin-17.0.7+7 (17.0.7+7, mixed mode, tiered, compressed oops, compressed class ptrs, parallel gc, linux-amd64)
GC Precious Log:
 CPUs: 6 total, 6 available
 Memory: 3626M
 Large Page Support: Disabled
 NUMA Support: Disabled
 Compressed Oops: Enabled (32-bit)
 Alignments: Space 512K, Generation 512K, Heap 2M
 Heap Min Capacity: 100M
 Heap Initial Capacity: 100M
 Heap Max Capacity: 1G
 Pre-touch: Disabled
 Parallel Workers: 6
Heap:
 PSYoungGen      total 28672K, used 25861K [0x00000000eab00000, 0x00000000ed400000, 0x0000000100000000)
  eden space 16896K, 83% used [0x00000000eab00000,0x00000000eb8d9400,0x00000000ebb80000)
  from space 11776K, 99% used [0x00000000ec880000,0x00000000ed3e8000,0x00000000ed400000)
  to   space 12288K, 0% used [0x00000000ebc00000,0x00000000ebc00000,0x00000000ec800000)
 ParOldGen       total 88576K, used 69792K [0x00000000c0000000, 0x00000000c5680000, 0x00000000eab00000)
  object space 88576K, 78% used [0x00000000c0000000,0x00000000c4428370,0x00000000c5680000)
 Metaspace       used 65137K, committed 66176K, reserved 1114112K
  class space    used 6876K, committed 7296K, reserved 1048576K
GC Heap History (20 events):
Event: 8.569 GC heap before
{Heap before GC invocations=30 (full 3):
 PSYoungGen      total 18432K, used 16896K [0x00000000eab00000, 0x00000000ec900000, 0x0000000100000000)
  eden space 16896K, 100% used [0x00000000eab00000,0x00000000ebb80000,0x00000000ebb80000)
  from space 1536K, 0% used [0x00000000ec080000,0x00000000ec080000,0x00000000ec200000)
  to   space 5120K, 0% used [0x00000000ebb80000,0x00000000ebb80000,0x00000000ec080000)
 ParOldGen       total 68608K, used 36182K [0x00000000c0000000, 0x00000000c4300000, 0x00000000eab00000)
  object space 68608K, 52% used [0x00000000c0000000,0x00000000c23559f0,0x00000000c4300000)
 Metaspace       used 60353K, committed 61248K, reserved 1114112K
  class space    used 6504K, committed 6912K, reserved 1048576K
}
Event: 8.573 GC heap after
{Heap after GC invocations=30 (full 3):
 PSYoungGen      total 20480K, used 3489K [0x00000000eab00000, 0x00000000ec380000, 0x0000000100000000)
  eden space 16896K, 0% used [0x00000000eab00000,0x00000000eab00000,0x00000000ebb80000)
  from space 3584K, 97% used [0x00000000ebb80000,0x00000000ebee85a8,0x00000000ebf00000)
  to   space 4096K, 0% used [0x00000000ebf80000,0x00000000ebf80000,0x00000000ec380000)
 ParOldGen       total 68608K, used 36190K [0x00000000c0000000, 0x00000000c4300000, 0x00000000eab00000)
  object space 68608K, 52% used [0x00000000c0000000,0x00000000c23579f0,0x00000000c4300000)
 Metaspace       used 60353K, committed 61248K, reserved 1114112K
  class space    used 6504K, committed 6912K, reserved 1048576K
}
Event: 8.663 GC heap before
{Heap before GC invocations=31 (full 3):
 PSYoungGen      total 20480K, used 20385K [0x00000000eab00000, 0x00000000ec380000, 0x0000000100000000)
  eden space 16896K, 99% used [0x00000000eab00000,0x00000000ebb7fff8,0x00000000ebb80000)
  from space 3584K, 97% used [0x00000000ebb80000,0x00000000ebee85a8,0x00000000ebf00000)
  to   space 4096K, 0% used [0x00000000ebf80000,0x00000000ebf80000,0x00000000ec380000)
 ParOldGen       total 68608K, used 36190K [0x00000000c0000000, 0x00000000c4300000, 0x00000000eab00000)
  object space 68608K, 52% used [0x00000000c0000000,0x00000000c23579f0,0x00000000c4300000)
 Metaspace       used 60880K, committed 61824K, reserved 1114112K
  class space    used 6546K, committed 6912K, reserved 1048576K
}
Event: 8.678 GC heap after
{Heap after GC invocations=31 (full 3):
 PSYoungGen      total 18432K, used 1477K [0x00000000eab00000, 0x00000000ec100000, 0x0000000100000000)
  eden space 16896K, 0% used [0x00000000eab00000,0x00000000eab00000,0x00000000ebb80000)
  from space 1536K, 96% used [0x00000000ebf80000,0x00000000ec0f1558,0x00000000ec100000)
  to   space 2560K, 0% used [0x00000000ebc00000,0x00000000ebc00000,0x00000000ebe80000)
 ParOldGen       total 68608K, used 39490K [0x00000000c0000000, 0x00000000c4300000, 0x00000000eab00000)
  object space 68608K, 57% used [0x00000000c0000000,0x00000000c26908a8,0x00000000c4300000)
 Metaspace       used 60880K, committed 61824K, reserved 1114112K
  class space    used 6546K, committed 6912K, reserved 1048576K
}
Event: 8.864 GC heap before
{Heap before GC invocations=32 (full 3):
 PSYoungGen      total 18432K, used 18373K [0x00000000eab00000, 0x00000000ec100000, 0x0000000100000000)
  eden space 16896K, 100% used [0x00000000eab00000,0x00000000ebb80000,0x00000000ebb80000)
  from space 1536K, 96% used [0x00000000ebf80000,0x00000000ec0f1558,0x00000000ec100000)
  to   space 2560K, 0% used [0x00000000ebc00000,0x00000000ebc00000,0x00000000ebe80000)
 ParOldGen       total 68608K, used 39490K [0x00000000c0000000, 0x00000000c4300000, 0x00000000eab00000)
  object space 68608K, 57% used [0x00000000c0000000,0x00000000c26908a8,0x00000000c4300000)
 Metaspace       used 61877K, committed 62848K, reserved 1114112K
  class space    used 6638K, committed 6976K, reserved 1048576K
}
Event: 8.868 GC heap after
{Heap after GC invocations=32 (full 3):
 PSYoungGen      total 18432K, used 1488K [0x00000000eab00000, 0x00000000ec000000, 0x0000000100000000)
  eden space 16896K, 0% used [0x00000000eab00000,0x00000000eab00000,0x00000000ebb80000)
  from space 1536K, 96% used [0x00000000ebc00000,0x00000000ebd74010,0x00000000ebd80000)
  to   space 2048K, 0% used [0x00000000ebe00000,0x00000000ebe00000,0x00000000ec000000)
 ParOldGen       total 68608K, used 40689K [0x00000000c0000000, 0x00000000c4300000, 0x00000000eab00000)
  object space 68608K, 59% used [0x00000000c0000000,0x00000000c27bc7d8,0x00000000c4300000)
 Metaspace       used 61877K, committed 62848K, reserved 1114112K
  class space    used 6638K, committed 6976K, reserved 1048576K
}
Event: 9.068 GC heap before
{Heap before GC invocations=33 (full 3):
 PSYoungGen      total 18432K, used 18384K [0x00000000eab00000, 0x00000000ec000000, 0x0000000100000000)
  eden space 16896K, 100% used [0x00000000eab00000,0x00000000ebb80000,0x00000000ebb80000)
  from space 1536K, 96% used [0x00000000ebc00000,0x00000000ebd74010,0x00000000ebd80000)
  to   space 2048K, 0% used [0x00000000ebe00000,0x00000000ebe00000,0x00000000ec000000)
 ParOldGen       total 68608K, used 40689K [0x00000000c0000000, 0x00000000c4300000, 0x00000000eab00000)
  object space 68608K, 59% used [0x00000000c0000000,0x00000000c27bc7d8,0x00000000c4300000)
 Metaspace       used 63298K, committed 64256K, reserved 1114112K
  class space    used 6725K, committed 7104K, reserved 1048576K
}
Event: 9.071 GC heap after
{Heap after GC invocations=33 (full 3):
 PSYoungGen      total 18944K, used 1948K [0x00000000eab00000, 0x00000000ec000000, 0x0000000100000000)
  eden space 16896K, 0% used [0x00000000eab00000,0x00000000eab00000,0x00000000ebb80000)
  from space 2048K, 95% used [0x00000000ebe00000,0x00000000ebfe7110,0x00000000ec000000)
  to   space 2048K, 0% used [0x00000000ebc00000,0x00000000ebc00000,0x00000000ebe00000)
 ParOldGen       total 68608K, used 42043K [0x00000000c0000000, 0x00000000c4300000, 0x00000000eab00000)
  object space 68608K, 61% used [0x00000000c0000000,0x00000000c290ec68,0x00000000c4300000)
 Metaspace       used 63298K, committed 64256K, reserved 1114112K
  class space    used 6725K, committed 7104K, reserved 1048576K
}
Event: 9.194 GC heap before
{Heap before GC invocations=34 (full 3):
 PSYoungGen      total 18944K, used 18844K [0x00000000eab00000, 0x00000000ec000000, 0x0000000100000000)
  eden space 16896K, 100% used [0x00000000eab00000,0x00000000ebb80000,0x00000000ebb80000)
  from space 2048K, 95% used [0x00000000ebe00000,0x00000000ebfe7110,0x00000000ec000000)
  to   space 2048K, 0% used [0x00000000ebc00000,0x00000000ebc00000,0x00000000ebe00000)
 ParOldGen       total 68608K, used 42043K [0x00000000c0000000, 0x00000000c4300000, 0x00000000eab00000)
  object space 68608K, 61% used [0x00000000c0000000,0x00000000c290ec68,0x00000000c4300000)
 Metaspace       used 64256K, committed 65280K, reserved 1114112K
  class space    used 6809K, committed 7232K, reserved 1048576K
}
Event: 9.200 GC heap after
{Heap after GC invocations=34 (full 3):
 PSYoungGen      total 18944K, used 2016K [0x00000000eab00000, 0x00000000ec780000, 0x0000000100000000)
  eden space 16896K, 0% used [0x00000000eab00000,0x00000000eab00000,0x00000000ebb80000)
  from space 2048K, 98% used [0x00000000ebc00000,0x00000000ebdf8228,0x00000000ebe00000)
  to   space 6144K, 0% used [0x00000000ec180000,0x00000000ec180000,0x00000000ec780000)
 ParOldGen       total 68608K, used 45298K [0x00000000c0000000, 0x00000000c4300000, 0x00000000eab00000)
  object space 68608K, 66% used [0x00000000c0000000,0x00000000c2c3cb48,0x00000000c4300000)
 Metaspace       used 64256K, committed 65280K, reserved 1114112K
  class space    used 6809K, committed 7232K, reserved 1048576K
}
Event: 9.305 GC heap before
{Heap before GC invocations=35 (full 3):
 PSYoungGen      total 18944K, used 18912K [0x00000000eab00000, 0x00000000ec780000, 0x0000000100000000)
  eden space 16896K, 100% used [0x00000000eab00000,0x00000000ebb80000,0x00000000ebb80000)
  from space 2048K, 98% used [0x00000000ebc00000,0x00000000ebdf8228,0x00000000ebe00000)
  to   space 6144K, 0% used [0x00000000ec180000,0x00000000ec180000,0x00000000ec780000)
 ParOldGen       total 68608K, used 45298K [0x00000000c0000000, 0x00000000c4300000, 0x00000000eab00000)
  object space 68608K, 66% used [0x00000000c0000000,0x00000000c2c3cb48,0x00000000c4300000)
 Metaspace       used 64829K, committed 65856K, reserved 1114112K
  class space    used 6867K, committed 7296K, reserved 1048576K
}
Event: 9.310 GC heap after
{Heap after GC invocations=35 (full 3):
 PSYoungGen      total 22016K, used 5011K [0x00000000eab00000, 0x00000000ec680000, 0x0000000100000000)
  eden space 16896K, 0% used [0x00000000eab00000,0x00000000eab00000,0x00000000ebb80000)
  from space 5120K, 97% used [0x00000000ec180000,0x00000000ec664f00,0x00000000ec680000)
  to   space 5120K, 0% used [0x00000000ebc80000,0x00000000ebc80000,0x00000000ec180000)
 ParOldGen       total 68608K, used 46879K [0x00000000c0000000, 0x00000000c4300000, 0x00000000eab00000)
  object space 68608K, 68% used [0x00000000c0000000,0x00000000c2dc7d30,0x00000000c4300000)
 Metaspace       used 64829K, committed 65856K, reserved 1114112K
  class space    used 6867K, committed 7296K, reserved 1048576K
}
Event: 9.357 GC heap before
{Heap before GC invocations=36 (full 3):
 PSYoungGen      total 22016K, used 17682K [0x00000000eab00000, 0x00000000ec680000, 0x0000000100000000)
  eden space 16896K, 74% used [0x00000000eab00000,0x00000000eb75fb48,0x00000000ebb80000)
  from space 5120K, 97% used [0x00000000ec180000,0x00000000ec664f00,0x00000000ec680000)
  to   space 5120K, 0% used [0x00000000ebc80000,0x00000000ebc80000,0x00000000ec180000)
 ParOldGen       total 68608K, used 46879K [0x00000000c0000000, 0x00000000c4300000, 0x00000000eab00000)
  object space 68608K, 68% used [0x00000000c0000000,0x00000000c2dc7d30,0x00000000c4300000)
 Metaspace       used 64917K, committed 65920K, reserved 1114112K
  class space    used 6867K, committed 7296K, reserved 1048576K
}
Event: 9.361 GC heap after
{Heap after GC invocations=36 (full 3):
 PSYoungGen      total 22016K, used 5094K [0x00000000eab00000, 0x00000000ec680000, 0x0000000100000000)
  eden space 16896K, 0% used [0x00000000eab00000,0x00000000eab00000,0x00000000ebb80000)
  from space 5120K, 99% used [0x00000000ebc80000,0x00000000ec179820,0x00000000ec180000)
  to   space 5120K, 0% used [0x00000000ec180000,0x00000000ec180000,0x00000000ec680000)
 ParOldGen       total 68608K, used 51662K [0x00000000c0000000, 0x00000000c4300000, 0x00000000eab00000)
  object space 68608K, 75% used [0x00000000c0000000,0x00000000c3273988,0x00000000c4300000)
 Metaspace       used 64917K, committed 65920K, reserved 1114112K
  class space    used 6867K, committed 7296K, reserved 1048576K
}
Event: 9.421 GC heap before
{Heap before GC invocations=37 (full 4):
 PSYoungGen      total 22016K, used 21990K [0x00000000eab00000, 0x00000000ec680000, 0x0000000100000000)
  eden space 16896K, 100% used [0x00000000eab00000,0x00000000ebb80000,0x00000000ebb80000)
  from space 5120K, 99% used [0x00000000ebc80000,0x00000000ec179820,0x00000000ec180000)
  to   space 5120K, 0% used [0x00000000ec180000,0x00000000ec180000,0x00000000ec680000)
 ParOldGen       total 91136K, used 89001K [0x00000000c0000000, 0x00000000c5900000, 0x00000000eab00000)
  object space 91136K, 97% used [0x00000000c0000000,0x00000000c56ea4d8,0x00000000c5900000)
 Metaspace       used 65007K, committed 66048K, reserved 1114112K
  class space    used 6868K, committed 7296K, reserved 1048576K
}
Event: 9.471 GC heap after
{Heap after GC invocations=37 (full 4):
 PSYoungGen      total 22016K, used 0K [0x00000000eab00000, 0x00000000ec680000, 0x0000000100000000)
  eden space 16896K, 0% used [0x00000000eab00000,0x00000000eab00000,0x00000000ebb80000)
  from space 5120K, 0% used [0x00000000ec180000,0x00000000ec180000,0x00000000ec680000)
  to   space 5632K, 0% used [0x00000000ebb80000,0x00000000ebb80000,0x00000000ec100000)
 ParOldGen       total 88576K, used 57808K [0x00000000c0000000, 0x00000000c5680000, 0x00000000eab00000)
  object space 88576K, 65% used [0x00000000c0000000,0x00000000c3874370,0x00000000c5680000)
 Metaspace       used 65005K, committed 66048K, reserved 1114112K
  class space    used 6868K, committed 7296K, reserved 1048576K
}
Event: 9.521 GC heap before
{Heap before GC invocations=38 (full 4):
 PSYoungGen      total 22016K, used 16896K [0x00000000eab00000, 0x00000000ec680000, 0x0000000100000000)
  eden space 16896K, 100% used [0x00000000eab00000,0x00000000ebb80000,0x00000000ebb80000)
  from space 5120K, 0% used [0x00000000ec180000,0x00000000ec180000,0x00000000ec680000)
  to   space 5632K, 0% used [0x00000000ebb80000,0x00000000ebb80000,0x00000000ec100000)
 ParOldGen       total 88576K, used 57808K [0x00000000c0000000, 0x00000000c5680000, 0x00000000eab00000)
  object space 88576K, 65% used [0x00000000c0000000,0x00000000c3874370,0x00000000c5680000)
 Metaspace       used 65005K, committed 66048K, reserved 1114112K
  class space    used 6868K, committed 7296K, reserved 1048576K
}
Event: 9.528 GC heap after
{Heap after GC invocations=38 (full 4):
 PSYoungGen      total 22528K, used 5632K [0x00000000eab00000, 0x00000000ed580000, 0x0000000100000000)
  eden space 16896K, 0% used [0x00000000eab00000,0x00000000eab00000,0x00000000ebb80000)
  from space 5632K, 100% used [0x00000000ebb80000,0x00000000ec100000,0x00000000ec100000)
  to   space 13312K, 0% used [0x00000000ec880000,0x00000000ec880000,0x00000000ed580000)
 ParOldGen       total 88576K, used 64128K [0x00000000c0000000, 0x00000000c5680000, 0x00000000eab00000)
  object space 88576K, 72% used [0x00000000c0000000,0x00000000c3ea0370,0x00000000c5680000)
 Metaspace       used 65005K, committed 66048K, reserved 1114112K
  class space    used 6868K, committed 7296K, reserved 1048576K
}
Event: 9.576 GC heap before
{Heap before GC invocations=39 (full 4):
 PSYoungGen      total 22528K, used 22528K [0x00000000eab00000, 0x00000000ed580000, 0x0000000100000000)
  eden space 16896K, 100% used [0x00000000eab00000,0x00000000ebb80000,0x00000000ebb80000)
  from space 5632K, 100% used [0x00000000ebb80000,0x00000000ec100000,0x00000000ec100000)
  to   space 13312K, 0% used [0x00000000ec880000,0x00000000ec880000,0x00000000ed580000)
 ParOldGen       total 88576K, used 64128K [0x00000000c0000000, 0x00000000c5680000, 0x00000000eab00000)
  object space 88576K, 72% used [0x00000000c0000000,0x00000000c3ea0370,0x00000000c5680000)
 Metaspace       used 65011K, committed 66048K, reserved 1114112K
  class space    used 6868K, committed 7296K, reserved 1048576K
}
Event: 9.589 GC heap after
{Heap after GC invocations=39 (full 4):
 PSYoungGen      total 28672K, used 11680K [0x00000000eab00000, 0x00000000ed400000, 0x0000000100000000)
  eden space 16896K, 0% used [0x00000000eab00000,0x00000000eab00000,0x00000000ebb80000)
  from space 11776K, 99% used [0x00000000ec880000,0x00000000ed3e8000,0x00000000ed400000)
  to   space 12288K, 0% used [0x00000000ebc00000,0x00000000ebc00000,0x00000000ec800000)
 ParOldGen       total 88576K, used 69792K [0x00000000c0000000, 0x00000000c5680000, 0x00000000eab00000)
  object space 88576K, 78% used [0x00000000c0000000,0x00000000c4428370,0x00000000c5680000)
 Metaspace       used 65011K, committed 66048K, reserved 1114112K
  class space    used 6868K, committed 7296K, reserved 1048576K
}

